<?xml version="1.0" encoding="UTF-8"?>
<!-- Generated by org.testng.reporters.JUnitReportReporter -->
<testsuite hostname="Abdullah-Harun" failures="0" tests="1" name="testPages.HomePageTest" time="4.271" errors="0" timestamp="2022-09-22T18:57:27 EDT" skipped="0">
  <testcase classname="testPages.HomePageTest" name="logoTest" time="4.271"/>
  <system-out/>
</testsuite> <!-- testPages.HomePageTest -->
