<?xml version="1.0" encoding="UTF-8"?>
<!-- Generated by org.testng.reporters.JUnitReportReporter -->
<testsuite hostname="Abdullah-Harun" failures="0" tests="1" name="testPages.HomePageTest" time="5.419" errors="0" timestamp="2022-09-22T17:58:20 EDT" skipped="0">
  <testcase classname="testPages.HomePageTest" name="logoTest" time="5.419"/>
  <system-out/>
</testsuite> <!-- testPages.HomePageTest -->
