<?xml version="1.0" encoding="UTF-8"?>
<!-- Generated by org.testng.reporters.JUnitReportReporter -->
<testsuite hostname="Abdullah-Harun" failures="0" tests="1" name="testPages.HomePageTest" time="3.797" errors="0" timestamp="2022-09-22T15:59:29 EDT" skipped="0">
  <testcase classname="testPages.HomePageTest" name="logoTest" time="3.797"/>
  <system-out/>
</testsuite> <!-- testPages.HomePageTest -->
