<?xml version="1.0" encoding="UTF-8"?>
<!-- Generated by org.testng.reporters.JUnitReportReporter -->
<testsuite hostname="Abdullah-Harun" failures="0" tests="6" name="testPages.HomePageTest" time="75.102" errors="0" timestamp="2022-09-26T21:00:48 EDT" skipped="0">
  <testcase classname="testPages.HomePageTest" name="logoTest" time="3.850"/>
  <system-out/>
  <testcase classname="testPages.HomePageTest" name="aboutUsclicked" time="21.564"/>
  <system-out/>
  <testcase classname="testPages.HomePageTest" name="ATMLocationclicked" time="12.960"/>
  <system-out/>
  <testcase classname="testPages.HomePageTest" name="clickloginButtonFieldTest" time="13.183"/>
  <system-out/>
  <testcase classname="testPages.HomePageTest" name="clickForgotUsernameOrPassword" time="11.078"/>
  <system-out/>
  <testcase classname="testPages.HomePageTest" name="clickSignonButton" time="12.467"/>
  <system-out/>
</testsuite> <!-- testPages.HomePageTest -->
