<?xml version="1.0" encoding="UTF-8"?>
<!-- Generated by org.testng.reporters.JUnitReportReporter -->
<testsuite hostname="Abdullah-Harun" failures="0" tests="6" name="testPages.HomePageTest" time="68.493" errors="0" timestamp="2022-09-23T12:30:13 EDT" skipped="0">
  <testcase classname="testPages.HomePageTest" name="logoTest" time="3.142"/>
  <system-out/>
  <testcase classname="testPages.HomePageTest" name="aboutUsclicked" time="13.940"/>
  <system-out/>
  <testcase classname="testPages.HomePageTest" name="ATMLocationclicked" time="13.451"/>
  <system-out/>
  <testcase classname="testPages.HomePageTest" name="clickloginButtonFieldTest" time="11.395"/>
  <system-out/>
  <testcase classname="testPages.HomePageTest" name="clickForgotUsernameOrPassword" time="16.531"/>
  <system-out/>
  <testcase classname="testPages.HomePageTest" name="clickSignonButton" time="10.034"/>
  <system-out/>
</testsuite> <!-- testPages.HomePageTest -->
